<?xml version="1.0" encoding="UTF-8"?>
<!-- Generated by org.testng.reporters.JUnitReportReporter -->
<testsuite hostname="T450SAmuluru" name="com.primerevenue.osci.test.smoke.AutoPOPerformTradeTestNG" tests="3" failures="0" timestamp="18 Dec 2015 17:01:21 GMT" time="247.319" errors="0">
  <testcase name="runServices" time="0.047" classname="com.primerevenue.osci.test.smoke.AutoPOPerformTradeTestNG"/>
  <testcase name="dBQueries" time="5.499" classname="com.primerevenue.osci.test.smoke.AutoPOPerformTradeTestNG"/>
  <testcase name="test2" time="241.773" classname="com.primerevenue.osci.test.smoke.AutoPOPerformTradeTestNG"/>
</testsuite> <!-- com.primerevenue.osci.test.smoke.AutoPOPerformTradeTestNG -->
