<?xml version="1.0" encoding="UTF-8"?>
<!-- Generated by org.testng.reporters.JUnitReportReporter -->
<testsuite hostname="T450SAmuluru" name="com.primerevenue.osci.test.smoke.FIModReportTestNG11" tests="2" failures="0" timestamp="18 Dec 2015 13:18:19 GMT" time="146.750" errors="0">
  <testcase name="smokeTestfi1" time="19.965" classname="com.primerevenue.osci.test.smoke.FIModReportTestNG11"/>
  <testcase name="smokeTestfi2" time="126.785" classname="com.primerevenue.osci.test.smoke.FIModReportTestNG11"/>
</testsuite> <!-- com.primerevenue.osci.test.smoke.FIModReportTestNG11 -->
