<?xml version="1.0" encoding="UTF-8"?>
<!-- Generated by org.testng.reporters.JUnitReportReporter -->
<testsuite hostname="T450SAmuluru" name="com.primerevenue.osci.test.smoke.CMSmokeTestNG2" tests="2" failures="0" timestamp="13 Jan 2016 22:58:39 GMT" time="84.911" errors="0">
  <testcase name="cmsmokeTest2" time="60.216" classname="com.primerevenue.osci.test.smoke.CMSmokeTestNG2"/>
  <testcase name="cmsmokeTest1" time="24.695" classname="com.primerevenue.osci.test.smoke.CMSmokeTestNG2"/>
</testsuite> <!-- com.primerevenue.osci.test.smoke.CMSmokeTestNG2 -->
