<?xml version="1.0" encoding="UTF-8"?>
<!-- Generated by org.testng.reporters.JUnitReportReporter -->
<testsuite hostname="T450SAmuluru" name="com.primerevenue.osci.test.smoke.SPModReportsTestNG8" tests="1" failures="0" timestamp="6 Jan 2016 22:16:42 GMT" time="178.306" errors="0">
  <testcase name="smokeTest1" time="178.306" classname="com.primerevenue.osci.test.smoke.SPModReportsTestNG8"/>
</testsuite> <!-- com.primerevenue.osci.test.smoke.SPModReportsTestNG8 -->
