<?xml version="1.0" encoding="UTF-8"?>
<!-- Generated by org.testng.reporters.JUnitReportReporter -->
<testsuite hostname="T450SAmuluru" name="com.primerevenue.osci.test.smoke.AutoPOPerformTradeTestNG" tests="3" failures="0" timestamp="8 Jan 2016 15:37:04 GMT" time="479.088" errors="0">
  <testcase name="test2" time="233.450" classname="com.primerevenue.osci.test.smoke.AutoPOPerformTradeTestNG"/>
  <testcase name="dBQueries" time="5.497" classname="com.primerevenue.osci.test.smoke.AutoPOPerformTradeTestNG"/>
  <testcase name="test1" time="240.141" classname="com.primerevenue.osci.test.smoke.AutoPOPerformTradeTestNG"/>
</testsuite> <!-- com.primerevenue.osci.test.smoke.AutoPOPerformTradeTestNG -->
