<?xml version="1.0" encoding="UTF-8"?>
<!-- Generated by org.testng.reporters.JUnitReportReporter -->
<testsuite hostname="T450SAmuluru" name="com.primerevenue.osci.test.smoke.BuyerTestNG7" tests="1" failures="0" timestamp="6 Jan 2016 22:11:09 GMT" time="144.787" errors="0">
  <testcase name="buyertest1" time="144.787" classname="com.primerevenue.osci.test.smoke.BuyerTestNG7"/>
</testsuite> <!-- com.primerevenue.osci.test.smoke.BuyerTestNG7 -->
