<?xml version="1.0" encoding="UTF-8"?>
<!-- Generated by org.testng.reporters.JUnitReportReporter -->
<testsuite hostname="T450SAmuluru" name="com.primerevenue.osci.test.smoke.SupplierModPageNavTestNG6" tests="1" failures="0" timestamp="6 Jan 2016 18:45:33 GMT" time="54.906" errors="0">
  <testcase name="smokeTest1" time="54.906" classname="com.primerevenue.osci.test.smoke.SupplierModPageNavTestNG6"/>
</testsuite> <!-- com.primerevenue.osci.test.smoke.SupplierModPageNavTestNG6 -->
