<?xml version="1.0" encoding="UTF-8"?>
<!-- Generated by org.testng.reporters.JUnitReportReporter -->
<testsuite hostname="T450SAmuluru" name="com.primerevenue.osci.test.smoke.DBRollBackTestNG14" tests="1" failures="0" timestamp="18 Dec 2015 12:41:22 GMT" time="9.049" errors="0">
  <testcase name="testdb" time="9.049" classname="com.primerevenue.osci.test.smoke.DBRollBackTestNG14"/>
</testsuite> <!-- com.primerevenue.osci.test.smoke.DBRollBackTestNG14 -->
