<?xml version="1.0" encoding="UTF-8"?>
<!-- Generated by org.testng.reporters.JUnitReportReporter -->
<testsuite hostname="T450SAmuluru" name="com.primerevenue.osci.test.smoke.BuyerTestNG7" tests="1" failures="0" timestamp="18 Dec 2015 13:18:19 GMT" time="156.508" errors="0">
  <testcase name="buyertest1" time="156.508" classname="com.primerevenue.osci.test.smoke.BuyerTestNG7"/>
</testsuite> <!-- com.primerevenue.osci.test.smoke.BuyerTestNG7 -->
