<?xml version="1.0" encoding="UTF-8"?>
<!-- Generated by org.testng.reporters.JUnitReportReporter -->
<testsuite hostname="T450SAmuluru" name="com.primerevenue.osci.test.smoke.DBRollBackTestNG14" tests="1" failures="0" timestamp="21 Dec 2015 00:01:37 GMT" time="6.794" errors="0">
  <testcase name="testdb" time="6.794" classname="com.primerevenue.osci.test.smoke.DBRollBackTestNG14"/>
</testsuite> <!-- com.primerevenue.osci.test.smoke.DBRollBackTestNG14 -->
