<?xml version="1.0" encoding="UTF-8"?>
<!-- Generated by org.testng.reporters.JUnitReportReporter -->
<testsuite hostname="T450SAmuluru" name="com.primerevenue.osci.test.smoke.SPSmokeTestNG4" tests="1" failures="0" timestamp="8 Jan 2016 16:13:06 GMT" time="48.095" errors="0">
  <testcase name="smokeTest1" time="48.095" classname="com.primerevenue.osci.test.smoke.SPSmokeTestNG4"/>
</testsuite> <!-- com.primerevenue.osci.test.smoke.SPSmokeTestNG4 -->
