<?xml version="1.0" encoding="UTF-8"?>
<!-- Generated by org.testng.reporters.JUnitReportReporter -->
<testsuite hostname="T450SAmuluru" name="com.primerevenue.osci.test.smoke.SPSmokeTestNG4" tests="1" failures="0" timestamp="13 Jan 2016 22:58:39 GMT" time="58.263" errors="0">
  <testcase name="smokeTest1" time="58.263" classname="com.primerevenue.osci.test.smoke.SPSmokeTestNG4"/>
</testsuite> <!-- com.primerevenue.osci.test.smoke.SPSmokeTestNG4 -->
