<?xml version="1.0" encoding="UTF-8"?>
<!-- Generated by org.testng.reporters.JUnitReportReporter -->
<testsuite hostname="T450SAmuluru" name="com.primerevenue.osci.test.smoke.FISmokeTestNG3" tests="1" failures="0" timestamp="8 Jan 2016 16:13:06 GMT" time="45.607" errors="0">
  <testcase name="smokeTestfi1" time="45.607" classname="com.primerevenue.osci.test.smoke.FISmokeTestNG3"/>
</testsuite> <!-- com.primerevenue.osci.test.smoke.FISmokeTestNG3 -->
