<?xml version="1.0" encoding="UTF-8"?>
<!-- Generated by org.testng.reporters.JUnitReportReporter -->
<testsuite hostname="T450SAmuluru" name="com.primerevenue.osci.test.smoke.CMModReportsTestNG10" tests="2" failures="0" timestamp="18 Dec 2015 13:18:19 GMT" time="63.708" errors="0">
  <testcase name="cmsmokeTest3" time="43.112" classname="com.primerevenue.osci.test.smoke.CMModReportsTestNG10"/>
  <testcase name="cmsmokeTest1" time="20.596" classname="com.primerevenue.osci.test.smoke.CMModReportsTestNG10"/>
</testsuite> <!-- com.primerevenue.osci.test.smoke.CMModReportsTestNG10 -->
