<?xml version="1.0" encoding="UTF-8"?>
<!-- Generated by org.testng.reporters.JUnitReportReporter -->
<testsuite hostname="T450SAmuluru" name="com.primerevenue.osci.test.smoke.FIAutoPerformTradeTestNG3" tests="1" failures="0" timestamp="18 Dec 2015 12:48:15 GMT" time="62.960" errors="0">
  <testcase name="smokeTestfi1" time="62.960" classname="com.primerevenue.osci.test.smoke.FIAutoPerformTradeTestNG3"/>
</testsuite> <!-- com.primerevenue.osci.test.smoke.FIAutoPerformTradeTestNG3 -->
