<?xml version="1.0" encoding="UTF-8"?>
<!-- Generated by org.testng.reporters.JUnitReportReporter -->
<testsuite hostname="T450SAmuluru" name="com.primerevenue.osci.test.smoke.CMAutoPerformTradeTestNG2" tests="2" failures="0" timestamp="18 Dec 2015 12:48:15 GMT" time="100.021" errors="0">
  <testcase name="cmsmokeTest1" time="20.360" classname="com.primerevenue.osci.test.smoke.CMAutoPerformTradeTestNG2"/>
  <testcase name="cmsmokeTest2" time="79.661" classname="com.primerevenue.osci.test.smoke.CMAutoPerformTradeTestNG2"/>
</testsuite> <!-- com.primerevenue.osci.test.smoke.CMAutoPerformTradeTestNG2 -->
