<?xml version="1.0" encoding="UTF-8"?>
<!-- Generated by org.testng.reporters.JUnitReportReporter -->
<testsuite hostname="T450SAmuluru" name="com.primerevenue.osci.test.smoke.POPerformTradeTestNG13" tests="1" failures="0" timestamp="8 Jan 2016 18:47:14 GMT" time="240.063" errors="0">
  <testcase name="test1" time="240.063" classname="com.primerevenue.osci.test.smoke.POPerformTradeTestNG13"/>
</testsuite> <!-- com.primerevenue.osci.test.smoke.POPerformTradeTestNG13 -->
