<?xml version="1.0" encoding="UTF-8"?>
<!-- Generated by org.testng.reporters.JUnitReportReporter -->
<testsuite hostname="T450SAmuluru" name="com.primerevenue.osci.test.smoke.SPSmokeTestNG1" tests="1" failures="0" timestamp="18 Dec 2015 12:48:15 GMT" time="77.244" errors="0">
  <testcase name="smokeTest1" time="77.244" classname="com.primerevenue.osci.test.smoke.SPSmokeTestNG1"/>
</testsuite> <!-- com.primerevenue.osci.test.smoke.SPSmokeTestNG1 -->
