<?xml version="1.0" encoding="UTF-8"?>
<!-- Generated by org.testng.reporters.JUnitReportReporter -->
<testsuite hostname="T450SAmuluru" name="com.primerevenue.osci.test.smoke.SupplierModPageNavTestNG6" tests="1" failures="0" timestamp="18 Dec 2015 13:18:19 GMT" time="55.648" errors="0">
  <testcase name="smokeTest1" time="55.648" classname="com.primerevenue.osci.test.smoke.SupplierModPageNavTestNG6"/>
</testsuite> <!-- com.primerevenue.osci.test.smoke.SupplierModPageNavTestNG6 -->
