<?xml version="1.0" encoding="UTF-8"?>
<!-- Generated by org.testng.reporters.JUnitReportReporter -->
<testsuite hostname="T450SAmuluru" name="com.primerevenue.osci.test.smoke.FIModReportTestNG11" tests="2" failures="0" timestamp="7 Jan 2016 00:38:02 GMT" time="152.647" errors="0">
  <testcase name="smokeTestfi2" time="125.735" classname="com.primerevenue.osci.test.smoke.FIModReportTestNG11"/>
  <testcase name="smokeTestfi1" time="26.912" classname="com.primerevenue.osci.test.smoke.FIModReportTestNG11"/>
</testsuite> <!-- com.primerevenue.osci.test.smoke.FIModReportTestNG11 -->
