<?xml version="1.0" encoding="UTF-8"?>
<!-- Generated by org.testng.reporters.JUnitReportReporter -->
<testsuite hostname="T450SAmuluru" name="com.primerevenue.osci.test.smoke.CMSmokeTestNG2" tests="2" failures="0" timestamp="8 Jan 2016 16:13:06 GMT" time="75.159" errors="0">
  <testcase name="cmsmokeTest1" time="19.024" classname="com.primerevenue.osci.test.smoke.CMSmokeTestNG2"/>
  <testcase name="cmsmokeTest2" time="56.135" classname="com.primerevenue.osci.test.smoke.CMSmokeTestNG2"/>
</testsuite> <!-- com.primerevenue.osci.test.smoke.CMSmokeTestNG2 -->
