<?xml version="1.0" encoding="UTF-8"?>
<!-- Generated by org.testng.reporters.JUnitReportReporter -->
<testsuite hostname="T450SAmuluru" name="com.primerevenue.osci.test.smoke.Otp2FATestNG12" tests="1" failures="0" timestamp="7 Jan 2016 00:30:00 GMT" time="77.693" errors="0">
  <testcase name="oTPTest1" time="77.693" classname="com.primerevenue.osci.test.smoke.Otp2FATestNG12"/>
</testsuite> <!-- com.primerevenue.osci.test.smoke.Otp2FATestNG12 -->
