<?xml version="1.0" encoding="UTF-8"?>
<!-- Generated by org.testng.reporters.JUnitReportReporter -->
<testsuite hostname="T450SAmuluru" name="com.primerevenue.osci.test.smoke.DBRollBackTestNG14" tests="1" failures="0" timestamp="8 Jan 2016 19:09:00 GMT" time="11.386" errors="0">
  <testcase name="testdb" time="11.386" classname="com.primerevenue.osci.test.smoke.DBRollBackTestNG14"/>
</testsuite> <!-- com.primerevenue.osci.test.smoke.DBRollBackTestNG14 -->
