<?xml version="1.0" encoding="UTF-8"?>
<!-- Generated by org.testng.reporters.JUnitReportReporter -->
<testsuite hostname="T450SAmuluru" name="com.primerevenue.osci.test.smoke.Otp2FATestNG12" tests="1" failures="0" timestamp="18 Dec 2015 13:18:19 GMT" time="84.913" errors="0">
  <testcase name="oTPTest1" time="84.913" classname="com.primerevenue.osci.test.smoke.Otp2FATestNG12"/>
</testsuite> <!-- com.primerevenue.osci.test.smoke.Otp2FATestNG12 -->
