<?xml version="1.0" encoding="UTF-8"?>
<!-- Generated by org.testng.reporters.JUnitReportReporter -->
<testsuite hostname="T450SAmuluru" name="com.primerevenue.osci.test.smoke.CMModReportsTestNG10" tests="2" failures="0" timestamp="7 Jan 2016 00:33:59 GMT" time="65.773" errors="0">
  <testcase name="cmsmokeTest3" time="45.084" classname="com.primerevenue.osci.test.smoke.CMModReportsTestNG10"/>
  <testcase name="cmsmokeTest1" time="20.689" classname="com.primerevenue.osci.test.smoke.CMModReportsTestNG10"/>
</testsuite> <!-- com.primerevenue.osci.test.smoke.CMModReportsTestNG10 -->
