<?xml version="1.0" encoding="UTF-8"?>
<!-- Generated by org.testng.reporters.JUnitReportReporter -->
<testsuite hostname="T450SAmuluru" name="com.primerevenue.osci.test.smoke.NewSupplierLoginEmailTestNG9" tests="2" failures="0" timestamp="18 Dec 2015 13:18:19 GMT" time="110.987" errors="0">
  <testcase name="smokeTestss" time="77.332" classname="com.primerevenue.osci.test.smoke.NewSupplierLoginEmailTestNG9"/>
  <testcase name="smokeTest1" time="33.655" classname="com.primerevenue.osci.test.smoke.NewSupplierLoginEmailTestNG9"/>
</testsuite> <!-- com.primerevenue.osci.test.smoke.NewSupplierLoginEmailTestNG9 -->
